<?xml version="1.0" encoding="UTF-8"?>
<testng-results ignored="0" total="1" passed="1" failed="0" skipped="0">
  <reporter-output>
  </reporter-output>
  <suite started-at="2020-05-17T11:29:33Z" name="Run" finished-at="2020-05-17T11:29:40Z" duration-ms="7571">
    <groups>
    </groups>
    <test started-at="2020-05-17T11:29:33Z" name="Run" finished-at="2020-05-17T11:29:40Z" duration-ms="7571">
      <class name="StretchGoal">
        <test-method is-config="true" signature="beforeSuite()[pri:0, instance:StretchGoal@2b662a77]" started-at="2020-05-17T18:29:32Z" name="beforeSuite" finished-at="2020-05-17T18:29:33Z" duration-ms="187" status="PASS">
          <reporter-output>
          </reporter-output>
        </test-method> <!-- beforeSuite -->
        <test-method is-config="true" signature="beforeMethod(java.lang.reflect.Method)[pri:0, instance:StretchGoal@2b662a77]" started-at="2020-05-17T18:29:33Z" name="beforeMethod" finished-at="2020-05-17T18:29:34Z" duration-ms="1476" status="PASS">
          <params>
            <param index="0">
              <value>
                <![CDATA[public void StretchGoal.stretchGoal()]]>
              </value>
            </param>
          </params>
          <reporter-output>
          </reporter-output>
        </test-method> <!-- beforeMethod -->
        <test-method signature="stretchGoal()[pri:0, instance:StretchGoal@2b662a77]" started-at="2020-05-17T18:29:34Z" name="stretchGoal" finished-at="2020-05-17T18:29:40Z" duration-ms="5982" status="PASS">
          <reporter-output>
          </reporter-output>
        </test-method> <!-- stretchGoal -->
        <test-method is-config="true" signature="afterMethod(org.testng.ITestResult)[pri:0, instance:StretchGoal@2b662a77]" started-at="2020-05-17T18:29:40Z" name="afterMethod" finished-at="2020-05-17T18:29:40Z" duration-ms="104" status="PASS">
          <params>
            <param index="0">
              <value>
                <![CDATA[[TestResult name=stretchGoal status=SUCCESS method=StretchGoal.stretchGoal()[pri:0, instance:StretchGoal@2b662a77] output={null}]]]>
              </value>
            </param>
          </params>
          <reporter-output>
          </reporter-output>
        </test-method> <!-- afterMethod -->
        <test-method is-config="true" signature="afterSuite()[pri:0, instance:StretchGoal@2b662a77]" started-at="2020-05-17T18:29:40Z" name="afterSuite" finished-at="2020-05-17T18:29:40Z" duration-ms="172" status="PASS">
          <reporter-output>
          </reporter-output>
        </test-method> <!-- afterSuite -->
      </class> <!-- StretchGoal -->
    </test> <!-- Run -->
  </suite> <!-- Run -->
</testng-results>
